# JRE version: Java(TM) SE Runtime Environment (8.0_144-b01) (build 1.8.0_144-b01)
# Java VM: Java HotSpot(TM) 64-Bit Server VM (25.144-b01 mixed mode linux-amd64 compressed oops)
Heap:
 par new generation   total 39296K, used 455K [0x00000000d1200000, 0x00000000d3ca0000, 0x00000000e0c00000)
  eden space 34944K,   1% used [0x00000000d1200000, 0x00000000d1264450, 0x00000000d3420000)
  from space 4352K,   1% used [0x00000000d3420000, 0x00000000d342daf8, 0x00000000d3860000)
  to   space 4352K,   0% used [0x00000000d3860000, 0x00000000d3860000, 0x00000000d3ca0000)
 concurrent mark-sweep generation total 192300K, used 129028K [0x00000000e0c00000, 0x00000000ec7cb000, 0x0000000100000000)
 Metaspace       used 175811K, capacity 183794K, committed 183904K, reserved 1206272K
  class space    used 25509K, capacity 26979K, committed 26984K, reserved 1048576K
GC Heap History (10 events):
Event: 74978.711 GC heap before
{Heap before GC invocations=97 (full 6):
 par new generation   total 39296K, used 34994K [0x00000000d1200000, 0x00000000d3ca0000, 0x00000000e0c00000)
  eden space 34944K, 100% used [0x00000000d1200000, 0x00000000d3420000, 0x00000000d3420000)
  from space 4352K,   1% used [0x00000000d3860000, 0x00000000d386c980, 0x00000000d3ca0000)
  to   space 4352K,   0% used [0x00000000d3420000, 0x00000000d3420000, 0x00000000d3860000)
 concurrent mark-sweep generation total 192300K, used 129020K [0x00000000e0c00000, 0x00000000ec7cb000, 0x0000000100000000)
 Metaspace       used 175801K, capacity 183666K, committed 183904K, reserved 1206272K
  class space    used 25508K, capacity 26979K, committed 26984K, reserved 1048576K
Event: 74978.716 GC heap after
Heap after GC invocations=98 (full 6):
 par new generation   total 39296K, used 46K [0x00000000d1200000, 0x00000000d3ca0000, 0x00000000e0c00000)
  eden space 34944K,   0% used [0x00000000d1200000, 0x00000000d1200000, 0x00000000d3420000)
  from space 4352K,   1% used [0x00000000d3420000, 0x00000000d342ba70, 0x00000000d3860000)
  to   space 4352K,   0% used [0x00000000d3860000, 0x00000000d3860000, 0x00000000d3ca0000)
 concurrent mark-sweep generation total 192300K, used 129022K [0x00000000e0c00000, 0x00000000ec7cb000, 0x0000000100000000)
 Metaspace       used 175801K, capacity 183666K, committed 183904K, reserved 1206272K
  class space    used 25508K, capacity 26979K, committed 26984K, reserved 1048576K
}
Event: 76472.029 GC heap before
{Heap before GC invocations=98 (full 6):
 par new generation   total 39296K, used 34990K [0x00000000d1200000, 0x00000000d3ca0000, 0x00000000e0c00000)
  eden space 34944K, 100% used [0x00000000d1200000, 0x00000000d3420000, 0x00000000d3420000)
  from space 4352K,   1% used [0x00000000d3420000, 0x00000000d342ba70, 0x00000000d3860000)
  to   space 4352K,   0% used [0x00000000d3860000, 0x00000000d3860000, 0x00000000d3ca0000)
 concurrent mark-sweep generation total 192300K, used 129022K [0x00000000e0c00000, 0x00000000ec7cb000, 0x0000000100000000)
 Metaspace       used 175801K, capacity 183666K, committed 183904K, reserved 1206272K
  class space    used 25508K, capacity 26979K, committed 26984K, reserved 1048576K
Event: 76472.036 GC heap after
Heap after GC invocations=99 (full 6):
 par new generation   total 39296K, used 49K [0x00000000d1200000, 0x00000000d3ca0000, 0x00000000e0c00000)
  eden space 34944K,   0% used [0x00000000d1200000, 0x00000000d1200000, 0x00000000d3420000)
  from space 4352K,   1% used [0x00000000d3860000, 0x00000000d386c530, 0x00000000d3ca0000)
  to   space 4352K,   0% used [0x00000000d3420000, 0x00000000d3420000, 0x00000000d3860000)
 concurrent mark-sweep generation total 192300K, used 129023K [0x00000000e0c00000, 0x00000000ec7cb000, 0x0000000100000000)
 Metaspace       used 175801K, capacity 183666K, committed 183904K, reserved 1206272K
  class space    used 25508K, capacity 26979K, committed 26984K, reserved 1048576K
}
Event: 77958.998 GC heap before
{Heap before GC invocations=99 (full 6):
 par new generation   total 39296K, used 34993K [0x00000000d1200000, 0x00000000d3ca0000, 0x00000000e0c00000)
  eden space 34944K, 100% used [0x00000000d1200000, 0x00000000d3420000, 0x00000000d3420000)
  from space 4352K,   1% used [0x00000000d3860000, 0x00000000d386c530, 0x00000000d3ca0000)
  to   space 4352K,   0% used [0x00000000d3420000, 0x00000000d3420000, 0x00000000d3860000)
 concurrent mark-sweep generation total 192300K, used 129023K [0x00000000e0c00000, 0x00000000ec7cb000, 0x0000000100000000)
 Metaspace       used 175801K, capacity 183666K, committed 183904K, reserved 1206272K
  class space    used 25508K, capacity 26979K, committed 26984K, reserved 1048576K
Event: 77959.007 GC heap after
Heap after GC invocations=100 (full 6):
 par new generation   total 39296K, used 50K [0x00000000d1200000, 0x00000000d3ca0000, 0x00000000e0c00000)
  eden space 34944K,   0% used [0x00000000d1200000, 0x00000000d1200000, 0x00000000d3420000)
  from space 4352K,   1% used [0x00000000d3420000, 0x00000000d342cbc0, 0x00000000d3860000)
  to   space 4352K,   0% used [0x00000000d3860000, 0x00000000d3860000, 0x00000000d3ca0000)
 concurrent mark-sweep generation total 192300K, used 129024K [0x00000000e0c00000, 0x00000000ec7cb000, 0x0000000100000000)
 Metaspace       used 175801K, capacity 183666K, committed 183904K, reserved 1206272K
  class space    used 25508K, capacity 26979K, committed 26984K, reserved 1048576K
}
Event: 79461.527 GC heap before
{Heap before GC invocations=100 (full 6):
 par new generation   total 39296K, used 34994K [0x00000000d1200000, 0x00000000d3ca0000, 0x00000000e0c00000)
  eden space 34944K, 100% used [0x00000000d1200000, 0x00000000d3420000, 0x00000000d3420000)
  from space 4352K,   1% used [0x00000000d3420000, 0x00000000d342cbc0, 0x00000000d3860000)
  to   space 4352K,   0% used [0x00000000d3860000, 0x00000000d3860000, 0x00000000d3ca0000)
 concurrent mark-sweep generation total 192300K, used 129024K [0x00000000e0c00000, 0x00000000ec7cb000, 0x0000000100000000)
 Metaspace       used 175801K, capacity 183666K, committed 183904K, reserved 1206272K
  class space    used 25508K, capacity 26979K, committed 26984K, reserved 1048576K
Event: 79461.534 GC heap after
Heap after GC invocations=101 (full 6):
 par new generation   total 39296K, used 39K [0x00000000d1200000, 0x00000000d3ca0000, 0x00000000e0c00000)
  eden space 34944K,   0% used [0x00000000d1200000, 0x00000000d1200000, 0x00000000d3420000)
  from space 4352K,   0% used [0x00000000d3860000, 0x00000000d3869db0, 0x00000000d3ca0000)
  to   space 4352K,   0% used [0x00000000d3420000, 0x00000000d3420000, 0x00000000d3860000)
 concurrent mark-sweep generation total 192300K, used 129027K [0x00000000e0c00000, 0x00000000ec7cb000, 0x0000000100000000)
 Metaspace       used 175801K, capacity 183666K, committed 183904K, reserved 1206272K
  class space    used 25508K, capacity 26979K, committed 26984K, reserved 1048576K
}
Event: 80953.081 GC heap before
{Heap before GC invocations=101 (full 6):
 par new generation   total 39296K, used 34983K [0x00000000d1200000, 0x00000000d3ca0000, 0x00000000e0c00000)
  eden space 34944K, 100% used [0x00000000d1200000, 0x00000000d3420000, 0x00000000d3420000)
  from space 4352K,   0% used [0x00000000d3860000, 0x00000000d3869db0, 0x00000000d3ca0000)
  to   space 4352K,   0% used [0x00000000d3420000, 0x00000000d3420000, 0x00000000d3860000)
 concurrent mark-sweep generation total 192300K, used 129027K [0x00000000e0c00000, 0x00000000ec7cb000, 0x0000000100000000)
 Metaspace       used 175803K, capacity 183666K, committed 183904K, reserved 1206272K
  class space    used 25508K, capacity 26979K, committed 26984K, reserved 1048576K
Event: 80953.095 GC heap after
Heap after GC invocations=102 (full 6):
 par new generation   total 39296K, used 54K [0x00000000d1200000, 0x00000000d3ca0000, 0x00000000e0c00000)
  eden space 34944K,   0% used [0x00000000d1200000, 0x00000000d1200000, 0x00000000d3420000)
  from space 4352K,   1% used [0x00000000d3420000, 0x00000000d342daf8, 0x00000000d3860000)
  to   space 4352K,   0% used [0x00000000d3860000, 0x00000000d3860000, 0x00000000d3ca0000)
 concurrent mark-sweep generation total 192300K, used 129028K [0x00000000e0c00000, 0x00000000ec7cb000, 0x0000000100000000)
 Metaspace       used 175803K, capacity 183666K, committed 183904K, reserved 1206272K
  class space    used 25508K, capacity 26979K, committed 26984K, reserved 1048576K
}

